The system is: Windows - 10.0.19042 - AMD64
Compiling the C compiler identification source file "CMakeCCompilerId.c" succeeded.
Compiler: C:/Program Files (x86)/Microsoft Visual Studio/2019/Community/VC/Tools/MSVC/14.28.29910/bin/Hostx86/x86/cl.exe 
Build flags: 
Id flags:  

The output was:
0
Microsoft (R) C/C++ Optimizing Compiler Version 19.28.29914 for x86
Copyright (C) Microsoft Corporation.  All rights reserved.

CMakeCCompilerId.c
Microsoft (R) Incremental Linker Version 14.28.29914.0
Copyright (C) Microsoft Corporation.  All rights reserved.

/out:CMakeCCompilerId.exe 
CMakeCCompilerId.obj 


Compilation of the C compiler identification source "CMakeCCompilerId.c" produced "CMakeCCompilerId.exe"

Compilation of the C compiler identification source "CMakeCCompilerId.c" produced "CMakeCCompilerId.obj"

The C compiler identification is MSVC, found in "G:/Sudo/Workshop/Repo Maintanence/IamProgrammer/data_structure/linked_list/singlely_linked_list/c/cmake-build-debug/CMakeFiles/3.19.2/CompilerIdC/CMakeCCompilerId.exe"

Detecting C compiler ABI info compiled with the following output:
Change Dir: G:/Sudo/Workshop/Repo Maintanence/IamProgrammer/data_structure/linked_list/singlely_linked_list/c/cmake-build-debug/CMakeFiles/CMakeTmp

Run Build Command(s):nmake /nologo cmTC_3d909\fast && 	"C:\Program Files (x86)\Microsoft Visual Studio\2019\Community\VC\Tools\MSVC\14.28.29910\bin\HostX86\x86\nmake.exe"  -f CMakeFiles\cmTC_3d909.dir\build.make /nologo -L                  CMakeFiles\cmTC_3d909.dir\build
Building C object CMakeFiles/cmTC_3d909.dir/CMakeCCompilerABI.c.obj
	C:\PROGRA~2\MICROS~2\2019\COMMUN~1\VC\Tools\MSVC\1428~1.299\bin\Hostx86\x86\cl.exe @C:\Users\Sudo\AppData\Local\Temp\nmE4AC.tmp
CMakeCCompilerABI.c
Linking C executable cmTC_3d909.exe
	C:\Users\Sudo\AppData\Local\JetBrains\Toolbox\apps\CLion\ch-0\211.7142.21\bin\cmake\win\bin\cmake.exe -E vs_link_exe --intdir=CMakeFiles\cmTC_3d909.dir --rc=C:\PROGRA~2\WI3CF2~1\10\bin\100190~1.0\x86\rc.exe --mt=C:\PROGRA~2\WI3CF2~1\10\bin\100190~1.0\x86\mt.exe --manifests -- C:\PROGRA~2\MICROS~2\2019\COMMUN~1\VC\Tools\MSVC\1428~1.299\bin\Hostx86\x86\link.exe /nologo @CMakeFiles\cmTC_3d909.dir\objects1.rsp @C:\Users\Sudo\AppData\Local\Temp\nmE4DC.tmp



